<?xml version="1.0" encoding="UTF-8"?>
<testng-results ignored="0" total="1" passed="1" failed="0" skipped="0">
  <reporter-output>
  </reporter-output>
  <suite started-at="2023-11-27T20:02:41 IST" name="Default suite" finished-at="2023-11-27T20:04:04 IST" duration-ms="82670">
    <groups>
    </groups>
    <test started-at="2023-11-27T20:02:41 IST" name="Default test" finished-at="2023-11-27T20:04:04 IST" duration-ms="82670">
      <class name="testpkg.Peachmodetest">
        <test-method is-config="true" signature="setUp()[pri:0, instance:testpkg.Peachmodetest@d9345cd]" started-at="2023-11-27T20:02:41 IST" name="setUp" finished-at="2023-11-27T20:02:49 IST" duration-ms="8334" status="PASS">
          <reporter-output>
          </reporter-output>
        </test-method> <!-- setUp -->
        <test-method signature="Peachmodetest()[pri:0, instance:testpkg.Peachmodetest@d9345cd]" started-at="2023-11-27T20:02:49 IST" name="Peachmodetest" finished-at="2023-11-27T20:04:04 IST" duration-ms="74299" status="PASS">
          <reporter-output>
          </reporter-output>
        </test-method> <!-- Peachmodetest -->
      </class> <!-- testpkg.Peachmodetest -->
    </test> <!-- Default test -->
  </suite> <!-- Default suite -->
</testng-results>
